1614766727518	geckodriver	INFO	Listening on 127.0.0.1:63795
1614766730583	mozrunner::runner	INFO	Running command: "C:\\Program Files\\Mozilla Firefox\\firefox.exe" "--marionette" "-headless" "-foreground" "-no-remote" "-profile" "C:\\Users\\mecheto\\AppData\\Local\\Temp\\rust_mozprofilecOE9R3"
*** You are running in headless mode.
console.warn: SearchSettings: "get: No settings file exists, new profile?" (new Error("", "(unknown module)"))
1614766732717	Marionette	INFO	Listening on port 63803
1614766733093	Marionette	WARN	TLS certificate errors will be ignored for this session
JavaScript error: , line 0: NS_ERROR_NOT_AVAILABLE
1:63876
1614766754541	mozrunner::runner	INFO	Running command: "C:\\Program Files\\Mozilla Firefox\\firefox.exe" "--marionette" "-headless" "-foreground" "-no-remote" "-profile" "C:\\Users\\mecheto\\AppData\\Local\\Temp\\rust_mozprofileV5lNC1"
*** You are running in headless mode.
console.warn: SearchSettings: "get: No settings file exists, new profile?" (new Error("", "(unknown module)"))
1614766755911	Marionette	INFO	Listening on port 63884
1614766756081	Marionette	WARN	TLS certificate errors will be ignored for this session
JavaScript error: , line 0: NS_ERROR_NOT_AVAILABLE
1:63981
1614766831493	mozrunner::runner	INFO	Running command: "C:\\Program Files\\Mozilla Firefox\\firefox.exe" "--marionette" "-headless" "-foreground" "-no-remote" "-profile" "C:\\Users\\mecheto\\AppData\\Local\\Temp\\rust_mozprofileRrPLmy"
*** You are running in headless mode.
console.warn: SearchSettings: "get: No settings file exists, new profile?" (new Error("", "(unknown module)"))
1614766833105	Marionette	INFO	Listening on port 63989
1614766833545	Marionette	WARN	TLS certificate errors will be ignored for this session
JavaScript error: , line 0: NS_ERROR_NOT_AVAILABLE
1:64087
1614767151377	mozrunner::runner	INFO	Running command: "C:\\Program Files\\Mozilla Firefox\\firefox.exe" "--marionette" "-headless" "-foreground" "-no-remote" "-profile" "C:\\Users\\mecheto\\AppData\\Local\\Temp\\rust_mozprofile89XzYP"
*** You are running in headless mode.
console.warn: SearchSettings: "get: No settings file exists, new profile?" (new Error("", "(unknown module)"))
1614767152766	Marionette	INFO	Listening on port 64095
1614767152915	Marionette	WARN	TLS certificate errors will be ignored for this session
JavaScript error: , line 0: NS_ERROR_NOT_AVAILABLE
1614772686501	geckodriver	INFO	Listening on 127.0.0.1:64391
1614772689569	mozrunner::runner	INFO	Running command: "C:\\Program Files\\Mozilla Firefox\\firefox.exe" "--marionette" "-headless" "-foreground" "-no-remote" "-profile" "C:\\Users\\mecheto\\AppData\\Local\\Temp\\rust_mozprofileANzSvy"
*** You are running in headless mode.
console.warn: SearchSettings: "get: No settings file exists, new profile?" (new Error("", "(unknown module)"))
1614772691016	Marionette	INFO	Listening on port 64399
1614772691106	Marionette	WARN	TLS certificate errors will be ignored for this session
JavaScript error: , line 0: NS_ERROR_NOT_AVAILABLE
1:64496
1614773181470	mozrunner::runner	INFO	Running command: "C:\\Program Files\\Mozilla Firefox\\firefox.exe" "--marionette" "-headless" "-foreground" "-no-remote" "-profile" "C:\\Users\\mecheto\\AppData\\Local\\Temp\\rust_mozprofileeOtRMH"
*** You are running in headless mode.
console.warn: SearchSettings: "get: No settings file exists, new profile?" (new Error("", "(unknown module)"))
1614773182862	Marionette	INFO	Listening on port 64504
1614773183006	Marionette	WARN	TLS certificate errors will be ignored for this session
JavaScript error: , line 0: NS_ERROR_NOT_AVAILABLE
1:64583
1614773203117	mozrunner::runner	INFO	Running command: "C:\\Program Files\\Mozilla Firefox\\firefox.exe" "--marionette" "-headless" "-foreground" "-no-remote" "-profile" "C:\\Users\\mecheto\\AppData\\Local\\Temp\\rust_mozprofileEvRNCO"
*** You are running in headless mode.
console.warn: SearchSettings: "get: No settings file exists, new profile?" (new Error("", "(unknown module)"))
1614773204496	Marionette	INFO	Listening on port 64591
1614773204655	Marionette	WARN	TLS certificate errors will be ignored for this session
1614773760477	Marionette	INFO	Stopped listening on port 64591

###!!! [Child][RunMessage] Error: Channel closing: too late to send/recv, messages will be lost

1614774026011	geckodriver	INFO	Listening on 127.0.0.1:64829
1614774029089	mozrunner::runner	INFO	Running command: "C:\\Program Files\\Mozilla Firefox\\firefox.exe" "--marionette" "-headless" "-foreground" "-no-remote" "-profile" "C:\\Users\\mecheto\\AppData\\Local\\Temp\\rust_mozprofileEzEy7K"
*** You are running in headless mode.
console.warn: SearchSettings: "get: No settings file exists, new profile?" (new Error("", "(unknown module)"))
1614774030694	Marionette	INFO	Listening on port 64837
1614774031151	Marionette	WARN	TLS certificate errors will be ignored for this session
JavaScript error: , line 0: NS_ERROR_NOT_AVAILABLE
1614775776815	geckodriver	INFO	Listening on 127.0.0.1:65309
1614775917502	geckodriver	INFO	Listening on 127.0.0.1:65320
1614776157503	mozrunner::runner	INFO	Running command: "C:\\Program Files\\Mozilla Firefox\\firefox.exe" "--marionette" "-foreground" "-no-remote" "-profile" "C:\\Users\\mecheto\\AppData\\Local\\Temp\\rust_mozprofileGz3c4V"
JavaScript error: undefined, line 0: Error: Missing host permission for the tab
1614776159969	Marionette	INFO	Listening on port 65399
1614776160258	Marionette	WARN	TLS certificate errors will be ignored for this session
1614776161256	geckodriver	INFO	Listening on 127.0.0.1:65448
1614776382933	mozrunner::runner	INFO	Running command: "C:\\Program Files\\Mozilla Firefox\\firefox.exe" "--marionette" "-foreground" "-no-remote" "-profile" "C:\\Users\\mecheto\\AppData\\Local\\Temp\\rust_mozprofile6Hjoe4"
JavaScript error: undefined, line 0: Error: Missing host permission for the tab
1614776385308	Marionette	INFO	Listening on port 65519
1614776385683	Marionette	WARN	TLS certificate errors will 1614776407550	Marionette	INFO	Stopped listening on port 65399
tening on 127.0.0.1:49179
mission for the tab
_create_dc_and_bitmap: The operation completed successfully.
_create_dc_and_bitmap: The operation completed successfully.
_create_dc_and_bitmap: The operation completed successfully.
_create_dc_and_bitmap: The handle is invalid.
_create_dc_and_bitmap: The handle is invalid.
_create_dc_and_bitmap: The operation completed successfully.
_create_dc_and_bitmap: The handle is invalid.
1614776401912	Sync.ErrorHandler	ERROR	Some engines did not sync correctly.
1614776402295	Marionette	INFO	Stopped listening on port 65519
1614776411952	geckodriver	INFO	Listening on 127.0.0.1:49221
1614776681133	geckodriver	INFO	Listening on 127.0.0.1:49244
1614776684249	mozrunner::runner	INFO	Running command: "C:\\Program Files\\Mozilla Firefox\\firefox.exe" "--marionette" "-foreground" "-no-remote" "-profile" "C:\\Users\\mecheto\\AppData\\Local\\Temp\\rust_mozprofileCS0ROt"
console.warn: SearchSettings: "get: No settings file exists, new profile?" (new Error("", "(unknown module)"))
1614776686578	Marionette	INFO	Listening on port 49252
1614776686904	Marionette	WARN	TLS certificate errors will be ignored for this session
1614777099294	Marionette	INFO	Stopped listening on port 49252

###!!! [Child][RunMessage] Error: Channel closing: too late to send/recv, messages will be lost

1614779493294	geckodriver	INFO	Listening on 127.0.0.1:49631
1614779496361	mozrunner::runner	INFO	Running command: "C:\\Program Files\\Mozilla Firefox\\firefox.exe" "--marionette" "-foreground" "-no-remote" "-profile" "C:\\Users\\mecheto\\AppData\\Local\\Temp\\rust_mozprofilePItJ49"
console.warn: SearchSettings: "get: No settings file exists, new profile?" (new Error("", "(unknown module)"))
1614779498810	Marionette	INFO	Listening on port 49639
1614779499048	Marionette	WARN	TLS certificate errors will be ignored for this session
1614779537617	Marionette	INFO	Stopped listening on port 49639

###!!! [Child][RunMessage] Error: Channel closing: too late to send/recv, messages will be lost

1614779727513	geckodriver	INFO	Listening on 127.0.0.1:49928
1614779730595	mozrunner::runner	INFO	Running command: "C:\\Program Files\\Mozilla Firefox\\firefox.exe" "--marionette" "-foreground" "-no-remote" "-profile" "C:\\Users\\mecheto\\AppData\\Local\\Temp\\rust_mozprofile8iQL5t"
console.warn: SearchSettings: "get: No settings file exists, new profile?" (new Error("", "(unknown module)"))
1614779732945	Marionette	INFO	Listening on port 49936
1614779733271	Marionette	WARN	TLS certificate errors will be ignored for this session
JavaScript error: , line 0: NS_ERROR_NOT_AVAILABLE

###!!! [Child][RunMessage] Error: Channel closing: too late to send/recv, messages will be lost

1614785557052	Marionette	INFO	Stopped listening on port 49936

###!!! [Child][RunMessage] Error: Channel closing: too late to send/recv, messages will be lost

mozprofileHfy6XK"
console.warn: SearchSettings: "get: No settings file exists, new profile?" (new Error("", "(unknown module)"))
1614784371515	Marionette	INFO	Listening on port 50858
1614784371866	Marionette	WARN	TLS certificate errors will be ignored for this session
1614784977641	Marionette	INFO	Stopped listening on port 50858

###!!! [Child][RunMessage] Error: Channel closing: too late to send/recv, messages will be lost

1614784982428	geckodriver	INFO	Listening on 127.0.0.1:50953
1614784985506	mozrunner::runner	INFO	Running command: "C:\\Program Files\\Mozilla Firefox\\firefox.exe" "--marionette" "-foreground" "-no-remote" "-profile" "C:\\Users\\mecheto\\AppData\\Local\\Temp\\rust_mozprofileW0nqiN"
console.warn: SearchSettings: "get: No settings file exists, new profile?" (new Error("", "(unknown module)"))
1614784987778	Marionette	INFO	Listening on port 50961
1614784988184	Marionette	WARN	TLS certificate errors will be ignored for this session
1614785223320	Marionette	INFO	Stopped listening on port 50961614785224329	mozrunner::runner	INFO	Running command: "C:\\Program Files\\Mozilla Firefox\\firefox.exe" "--marionette" "-foreground" "-no-remote" "-profile" "C:\\Users\\mecheto\\AppData\\Local\\Temp\\rust_mozprofilen7PTZR"
console.warn: SearchSettings: "get: No settings file exists, new profile?" (new Error("", "(unknown module)"))
1614785226747	Marionette	INFO	Listening on port 51059
1614785226984	Marionette	WARN	TLS certificate errors will be ignored for this session
1614785295127	Marionette	INFO	Stopped listening on port 51059

###!!! [Child][RunMessage] Error: Channel closing: too late to send/recv, messages will be lost

1614785300247	geckodriver	INFO	Listening on 127.0.0.1:51142
1614785303296	mozrunner::runner	INFO	Running command: "C:\\Program Files\\Mozilla Firefox\\firefox.exe" "--marionette" "-foreground" "-no-remote" "-profile" "C:\\Users\\mecheto\\AppData\\Local\\Temp\\rust_mozprofile0cXEfU"
console.warn: SearchSettings: "get: No settings file exists, new profile?" (new Error("", "(unknown module)"))
1614785305690	Marionette	INFO	Listening on port 51150
1614785305952	Marionette	WARN	TLS certificate errors will be ignored for this session
JavaScript error: https://www.kaggle.com/static/assets/vendor.js?v=3ea2824709f9c06c3b30, line 2: TypeError: n.context is undefined
JavaScript error: https://www.kaggle.com/static/assets/vendor.js?v=3ea2824709f9c06c3b30, line 2: TypeError: n.context is undefined
JavaScript error: https://www.kaggle.com/static/assets/app.js?v=aed58e60df9603ec01bf, line 1: Error: This Competition currently does not allow new entrants. It should re-open after the deadline.
JavaScript error: , line 0: NS_ERROR_NOT_AVAILABLE
JavaScript error: https://www.kaggle.com/static/assets/vendor.js?v=3ea2824709f9c06c3b30, line 2: TypeError: n.context is undefined
JavaScript error: https://www.kaggle.com/static/assets/vendor.js?v=3ea2824709f9c06c3b30, line 2: TypeError: n.context is undefined
JavaScript error: , line 0: TypeError: NetworkError when attempting to fetch resource.
JavaScript error: https://www.kaggle.com/static/assets/vendor.js?v=3ea2824709f9c06c3b30, line 2: TypeError: n.context is undefined
JavaScript error: https://www.kaggle.com/static/assets/vendor.js?v=3ea2824709f9c06c3b30, line 2: TypeError: n.context is undefined
JavaScript error: , line 0: TypeError: NetworkError when attempting to fetch resource.
JavaScript error: https://www.kaggle.com/static/assets/vendor.js?v=3ea2824709f9c06c3b30, line 2: TypeError: n.context is undefined
JavaScript error: https://www.kaggle.com/static/assets/vendor.js?v=3ea2824709f9c06c3b30, line 2: TypeError: n.context is undefined
JavaScript error: , line 0: TypeError: NetworkError when attempting to fetch resource.
JavaScript error: https://www.kaggle.com/static/assets/vendor.js?v=3ea2824709f9c06c3b30, line 2: TypeError: n.context is undefined
JavaScript error: https://www.kaggle.com/static/assets/vendor.js?v=3ea2824709f9c06c3b30, line 2: TypeError: n.context is undefined
JavaScript error: , line 0: TypeError: NetworkError when attempting to fetch resource.
JavaScript error: https://www.kaggle.com/static/assets/vendor.js?v=3ea2824709f9c06c3b30, line 2: TypeError: n.context is undefined
JavaScript error: https://www.kaggle.com/static/assets/vendor.js?v=3ea2824709f9c06c3b30, line 2: TypeError: n.context is undefined
JavaScript error: , line 0: TypeError: NetworkError when attempting to fetch resource.
JavaScript error: https://www.kaggle.com/static/assets/vendor.js?v=3ea2824709f9c06c3b30, line 2: TypeError: n.context is undefined
JavaScript error: https://www.kaggle.com/static/assets/vendor.js?v=3ea2824709f9c06c3b30, line 2: TypeError: n.context is undefined
JavaScript error: , line 0: TypeError: NetworkError when attempting to fetch resource.
JavaScript error: https://www.kaggle.com/static/assets/vendor.js?v=3ea2824709f9c06c3b30, line 2: TypeError: n.context is undefined
JavaScript error: https://www.kaggle.com/static/assets/vendor.js?v=3ea2824709f9c06c3b30, line 2: TypeError: n.context is undefined
JavaScript error: , line 0: TypeError: NetworkError when attempting to fetch resource.
JavaScript error: https://www.kaggle.com/static/assets/vendor.js?v=3ea2824709f9c06c3b30, line 2: TypeError: n.context is undefined
JavaScript error: https://www.kaggle.com/static/assets/vendor.js?v=3ea2824709f9c06c3b30, line 2: TypeError: n.context is undefined
JavaScript error: https://www.kaggle.com/static/assets/app.js?v=aed58e60df9603ec01bf, line 1: Error: This Competition currently does not allow new entrants. It should re-open after the deadline.
JavaScript error: https://www.kaggle.com/static/assets/vendor.js?v=3ea2824709f9c06c3b30, line 2: TypeError: n.context is undefined
JavaScript error: https://www.kaggle.com/static/assets/vendor.js?v=3ea2824709f9c06c3b30, line 2: TypeError: n.context is undefined
JavaScript error: , line 0: TypeError: NetworkError when attempting to fetch resource.
JavaScript error: https://www.kaggle.com/static/assets/vendor.js?v=3ea2824709f9c06c3b30, line 2: TypeError: n.context is undefined
JavaScript error: https://www.kaggle.com/static/assets/vendor.js?v=3ea2824709f9c06c3b30, line 2: TypeError: n.context is undefined
JavaScript error: https://www.kaggle.com/static/assets/app.js?v=aed58e60df9603ec01bf, line 1: Error: This Competition currently does not allow new entrants. It should re-open after the deadline.
JavaScript error: https://www.kaggle.com/static/assets/vendor.js?v=3ea2824709f9c06c3b30, line 2: TypeError: n.context is undefined
JavaScript error: https://www.kaggle.com/static/assets/vendor.js?v=3ea2824709f9c06c3b30, line 2: TypeError: n.context is undefined
JavaScript error: , line 0: SyntaxError: JSON.parse: unexpected character at line 1 column 1 of the JSON data
1614786707665	Marionette	INFO	Stopped listening on port 51150

###!!! [Child][RunMessage] Error: Channel closing: too late to send/recv, messages will be lost


###!!! [Child][RunMessage] Error: Channel closing: too late to send/recv, messages will be lost


###!!! [Child][RunMessage] Error: Channel closing: too late to send/recv, messages will be lost

